<?xml version="1.0" encoding="UTF-8"?>
<testsuite xmlns:xsi="http://www.w3.org/2001/XMLSchema-instance" xsi:noNamespaceSchemaLocation="https://maven.apache.org/surefire/maven-surefire-plugin/xsd/surefire-test-report-3.0.xsd" version="3.0" name="ClienteControllerTest" time="0.865" tests="11" errors="0" skipped="0" failures="0">
  <properties>
[...]
</properties>
  <testcase name="realizarTransferenciaNotSucess" classname="ClienteControllerTest" time="0.78"/>
  <testcase name="cadastrarClienteException" classname="ClienteControllerTest" time="0.011"/>
  <testcase name="listarTodosClientesNull" classname="ClienteControllerTest" time="0.008"/>
  <testcase name="buscarPorNumeroContaIsSucess" classname="ClienteControllerTest" time="0.006"/>
  <testcase name="buscarPorNumeroContaNotSucess" classname="ClienteControllerTest" time="0.004"/>
  <testcase name="cadastrarClienteSucesso" classname="ClienteControllerTest" time="0.004"/>
  <testcase name="buscarTransferenciasIsSucess" classname="ClienteControllerTest" time="0.005"/>
  <testcase name="listarTodosClientes" classname="ClienteControllerTest" time="0.004"/>
  <testcase name="buscarTransferenciasNotSucess" classname="ClienteControllerTest" time="0.003"/>
  <testcase name="realizarTransferencia_comErroInterno" classname="ClienteControllerTest" time="0.003"/>
  <testcase name="realizarTransferenciaIsSucess" classname="ClienteControllerTest" time="0.003"/>
</testsuite>